2018-06-24 16:26:35,482 ERROR 13398 [-/127.0.0.1/-/12ms GET /course/total] nodejs.ReferenceError: ctx is not defined
    at StudentController.getCourse (/luneice/project/NodejsProject/egg/app/controller/course.js:10:24)
    at Object.callFn (/luneice/project/NodejsProject/egg/node_modules/egg-core/lib/utils/index.js:36:21)
    at Object.classControllerMiddleware (/luneice/project/NodejsProject/egg/node_modules/egg-core/lib/loader/mixin/controller.js:87:20)
    at Object.callFn (/luneice/project/NodejsProject/egg/node_modules/egg-core/lib/utils/index.js:36:21)
    at wrappedController (/luneice/project/NodejsProject/egg/node_modules/egg-core/lib/utils/router.js:322:18)
    at dispatch (/luneice/project/NodejsProject/egg/node_modules/koa-router/node_modules/koa-compose/index.js:44:32)
    at next (/luneice/project/NodejsProject/egg/node_modules/koa-router/node_modules/koa-compose/index.js:45:18)
    at /luneice/project/NodejsProject/egg/node_modules/koa-router/lib/router.js:346:16
    at dispatch (/luneice/project/NodejsProject/egg/node_modules/koa-router/node_modules/koa-compose/index.js:44:32)
    at /luneice/project/NodejsProject/egg/node_modules/koa-router/node_modules/koa-compose/index.js:36:12

pid: 13398
hostname: luneice

2018-06-24 16:26:54,585 ERROR 13398 [-/127.0.0.1/-/5ms GET /course/total] nodejs.ReferenceError: ctx is not defined
    at StudentController.getCourse (/luneice/project/NodejsProject/egg/app/controller/course.js:10:24)
    at Object.callFn (/luneice/project/NodejsProject/egg/node_modules/egg-core/lib/utils/index.js:36:21)
    at Object.classControllerMiddleware (/luneice/project/NodejsProject/egg/node_modules/egg-core/lib/loader/mixin/controller.js:87:20)
    at Object.callFn (/luneice/project/NodejsProject/egg/node_modules/egg-core/lib/utils/index.js:36:21)
    at wrappedController (/luneice/project/NodejsProject/egg/node_modules/egg-core/lib/utils/router.js:322:18)
    at dispatch (/luneice/project/NodejsProject/egg/node_modules/koa-router/node_modules/koa-compose/index.js:44:32)
    at next (/luneice/project/NodejsProject/egg/node_modules/koa-router/node_modules/koa-compose/index.js:45:18)
    at /luneice/project/NodejsProject/egg/node_modules/koa-router/lib/router.js:346:16
    at dispatch (/luneice/project/NodejsProject/egg/node_modules/koa-router/node_modules/koa-compose/index.js:44:32)
    at /luneice/project/NodejsProject/egg/node_modules/koa-router/node_modules/koa-compose/index.js:36:12

pid: 13398
hostname: luneice

2018-06-24 16:27:43,558 ERROR 13500 [-/127.0.0.1/-/11ms GET /course/total] nodejs.TypeError: mysql.find is not a function
    at CourseService.find (/luneice/project/NodejsProject/egg/app/service/course.js:12:24)
    at StudentController.getCourse (/luneice/project/NodejsProject/egg/app/controller/course.js:12:33)
    at Object.callFn (/luneice/project/NodejsProject/egg/node_modules/egg-core/lib/utils/index.js:36:21)
    at Object.classControllerMiddleware (/luneice/project/NodejsProject/egg/node_modules/egg-core/lib/loader/mixin/controller.js:87:20)
    at Object.callFn (/luneice/project/NodejsProject/egg/node_modules/egg-core/lib/utils/index.js:36:21)
    at wrappedController (/luneice/project/NodejsProject/egg/node_modules/egg-core/lib/utils/router.js:322:18)
    at dispatch (/luneice/project/NodejsProject/egg/node_modules/koa-router/node_modules/koa-compose/index.js:44:32)
    at next (/luneice/project/NodejsProject/egg/node_modules/koa-router/node_modules/koa-compose/index.js:45:18)
    at /luneice/project/NodejsProject/egg/node_modules/koa-router/lib/router.js:346:16
    at dispatch (/luneice/project/NodejsProject/egg/node_modules/koa-router/node_modules/koa-compose/index.js:44:32)

pid: 13500
hostname: luneice

