2018-06-24 00:00:01,019 INFO 23205 [egg-logrotator] app logger reload: got log-reload message
2018-06-24 15:42:41,073 INFO 11776 [egg:logger] init all loggers with options: {"dir":"/luneice/project/NodejsProject/egg/logs/egg","encoding":"utf8","env":"local","level":"INFO","consoleLevel":"INFO","disableConsoleAfterReady":false,"outputJSON":false,"buffer":true,"appLogName":"egg-web.log","coreLogName":"egg-web.log","agentLogName":"egg-agent.log","errorLogName":"common-error.log","coreLogger":{"consoleLevel":"WARN"},"allowDebugAtProd":false,"type":"application"}
2018-06-24 15:42:41,137 INFO 11776 [egg-schedule]: register schedule /luneice/project/NodejsProject/egg/node_modules/egg-logrotator/app/schedule/clean_log.js
2018-06-24 15:42:41,137 INFO 11776 [egg-schedule]: register schedule /luneice/project/NodejsProject/egg/node_modules/egg-logrotator/app/schedule/rotate_by_file.js
2018-06-24 15:42:41,155 INFO 11776 [egg-mysql] connecting root@localhost:3306/luneice
2018-06-24 15:42:41,349 INFO 11776 [egg-static] starting static serve /public/ -> /luneice/project/NodejsProject/egg/app/public
2018-06-24 15:42:41,353 INFO 11776 [egg-security] use csrf middleware
2018-06-24 15:42:41,354 INFO 11776 [egg-security] use methodnoallow middleware
2018-06-24 15:42:41,355 INFO 11776 [egg-security] use noopen middleware
2018-06-24 15:42:41,356 INFO 11776 [egg-security] use nosniff middleware
2018-06-24 15:42:41,357 INFO 11776 [egg-security] use xssProtection middleware
2018-06-24 15:42:41,357 INFO 11776 [egg-security] use xframe middleware
2018-06-24 15:42:41,358 INFO 11776 [egg-security] use dta middleware
2018-06-24 15:42:41,358 INFO 11776 [egg-security] compose 7 middlewares into one security middleware
2018-06-24 15:42:41,373 INFO 11776 [egg:core] dump config after load, 9ms
2018-06-24 15:42:41,399 INFO 11776 [egg-mysql] instance[0] status OK, rds currentTime: Sun Jun 24 2018 15:42:41 GMT+0800 (CST)
2018-06-24 15:42:41,401 INFO 11776 [egg-watcher:app] watcher start success
2018-06-24 15:42:41,411 INFO 11776 [egg:core] dump config after ready, 7ms
2018-06-24 15:43:57,118 INFO 11854 [egg:logger] init all loggers with options: {"dir":"/luneice/project/NodejsProject/egg/logs/egg","encoding":"utf8","env":"local","level":"INFO","consoleLevel":"INFO","disableConsoleAfterReady":false,"outputJSON":false,"buffer":true,"appLogName":"egg-web.log","coreLogName":"egg-web.log","agentLogName":"egg-agent.log","errorLogName":"common-error.log","coreLogger":{"consoleLevel":"WARN"},"allowDebugAtProd":false,"type":"application"}
2018-06-24 15:43:57,193 INFO 11854 [egg-schedule]: register schedule /luneice/project/NodejsProject/egg/node_modules/egg-logrotator/app/schedule/clean_log.js
2018-06-24 15:43:57,193 INFO 11854 [egg-schedule]: register schedule /luneice/project/NodejsProject/egg/node_modules/egg-logrotator/app/schedule/rotate_by_file.js
2018-06-24 15:43:57,212 INFO 11854 [egg-mysql] connecting root@localhost:3306/luneice
2018-06-24 15:43:57,364 INFO 11854 [egg-static] starting static serve /public/ -> /luneice/project/NodejsProject/egg/app/public
2018-06-24 15:43:57,368 INFO 11854 [egg-security] use csrf middleware
2018-06-24 15:43:57,369 INFO 11854 [egg-security] use methodnoallow middleware
2018-06-24 15:43:57,369 INFO 11854 [egg-security] use noopen middleware
2018-06-24 15:43:57,370 INFO 11854 [egg-security] use nosniff middleware
2018-06-24 15:43:57,370 INFO 11854 [egg-security] use xssProtection middleware
2018-06-24 15:43:57,371 INFO 11854 [egg-security] use xframe middleware
2018-06-24 15:43:57,371 INFO 11854 [egg-security] use dta middleware
2018-06-24 15:43:57,371 INFO 11854 [egg-security] compose 7 middlewares into one security middleware
2018-06-24 15:43:57,387 INFO 11854 [egg:core] dump config after load, 10ms
2018-06-24 15:43:57,415 INFO 11854 [egg-watcher:app] watcher start success
2018-06-24 15:43:57,419 INFO 11854 [egg-mysql] instance[0] status OK, rds currentTime: Sun Jun 24 2018 15:43:57 GMT+0800 (CST)
2018-06-24 15:43:57,429 INFO 11854 [egg:core] dump config after ready, 7ms
2018-06-24 15:59:36,851 INFO 12013 [egg:logger] init all loggers with options: {"dir":"/luneice/project/NodejsProject/egg/logs/egg","encoding":"utf8","env":"local","level":"INFO","consoleLevel":"INFO","disableConsoleAfterReady":false,"outputJSON":false,"buffer":true,"appLogName":"egg-web.log","coreLogName":"egg-web.log","agentLogName":"egg-agent.log","errorLogName":"common-error.log","coreLogger":{"consoleLevel":"WARN"},"allowDebugAtProd":false,"type":"application"}
2018-06-24 15:59:36,916 INFO 12013 [egg-schedule]: register schedule /luneice/project/NodejsProject/egg/node_modules/egg-logrotator/app/schedule/clean_log.js
2018-06-24 15:59:36,916 INFO 12013 [egg-schedule]: register schedule /luneice/project/NodejsProject/egg/node_modules/egg-logrotator/app/schedule/rotate_by_file.js
2018-06-24 15:59:36,932 INFO 12013 [egg-mysql] connecting root@localhost:3306/luneice
2018-06-24 15:59:37,070 INFO 12013 [egg-static] starting static serve /public/ -> /luneice/project/NodejsProject/egg/app/public
2018-06-24 15:59:37,074 INFO 12013 [egg-security] use csrf middleware
2018-06-24 15:59:37,074 INFO 12013 [egg-security] use methodnoallow middleware
2018-06-24 15:59:37,075 INFO 12013 [egg-security] use noopen middleware
2018-06-24 15:59:37,075 INFO 12013 [egg-security] use nosniff middleware
2018-06-24 15:59:37,076 INFO 12013 [egg-security] use xssProtection middleware
2018-06-24 15:59:37,076 INFO 12013 [egg-security] use xframe middleware
2018-06-24 15:59:37,076 INFO 12013 [egg-security] use dta middleware
2018-06-24 15:59:37,076 INFO 12013 [egg-security] compose 7 middlewares into one security middleware
2018-06-24 15:59:37,091 INFO 12013 [egg:core] dump config after load, 9ms
2018-06-24 15:59:37,117 INFO 12013 [egg-watcher:app] watcher start success
2018-06-24 15:59:37,120 INFO 12013 [egg-mysql] instance[0] status OK, rds currentTime: Sun Jun 24 2018 15:59:37 GMT+0800 (CST)
2018-06-24 15:59:37,129 INFO 12013 [egg:core] dump config after ready, 7ms
2018-06-24 16:00:43,714 INFO 12059 [egg:logger] init all loggers with options: {"dir":"/luneice/project/NodejsProject/egg/logs/egg","encoding":"utf8","env":"local","level":"INFO","consoleLevel":"INFO","disableConsoleAfterReady":false,"outputJSON":false,"buffer":true,"appLogName":"egg-web.log","coreLogName":"egg-web.log","agentLogName":"egg-agent.log","errorLogName":"common-error.log","coreLogger":{"consoleLevel":"WARN"},"allowDebugAtProd":false,"type":"application"}
2018-06-24 16:00:43,778 INFO 12059 [egg-schedule]: register schedule /luneice/project/NodejsProject/egg/node_modules/egg-logrotator/app/schedule/clean_log.js
2018-06-24 16:00:43,778 INFO 12059 [egg-schedule]: register schedule /luneice/project/NodejsProject/egg/node_modules/egg-logrotator/app/schedule/rotate_by_file.js
2018-06-24 16:00:43,796 INFO 12059 [egg-mysql] connecting root@localhost:3306/luneice
2018-06-24 16:00:43,940 INFO 12059 [egg-static] starting static serve /public/ -> /luneice/project/NodejsProject/egg/app/public
2018-06-24 16:00:43,944 INFO 12059 [egg-security] use csrf middleware
2018-06-24 16:00:43,945 INFO 12059 [egg-security] use methodnoallow middleware
2018-06-24 16:00:43,945 INFO 12059 [egg-security] use noopen middleware
2018-06-24 16:00:43,945 INFO 12059 [egg-security] use nosniff middleware
2018-06-24 16:00:43,946 INFO 12059 [egg-security] use xssProtection middleware
2018-06-24 16:00:43,946 INFO 12059 [egg-security] use xframe middleware
2018-06-24 16:00:43,947 INFO 12059 [egg-security] use dta middleware
2018-06-24 16:00:43,947 INFO 12059 [egg-security] compose 7 middlewares into one security middleware
2018-06-24 16:00:43,962 INFO 12059 [egg:core] dump config after load, 9ms
2018-06-24 16:00:43,987 INFO 12059 [egg-watcher:app] watcher start success
2018-06-24 16:00:43,994 INFO 12059 [egg-mysql] instance[0] status OK, rds currentTime: Sun Jun 24 2018 16:00:43 GMT+0800 (CST)
2018-06-24 16:00:44,005 INFO 12059 [egg:core] dump config after ready, 8ms
2018-06-24 16:21:51,463 INFO 13129 [egg:logger] init all loggers with options: {"dir":"/luneice/project/NodejsProject/egg/logs/egg","encoding":"utf8","env":"local","level":"INFO","consoleLevel":"INFO","disableConsoleAfterReady":false,"outputJSON":false,"buffer":true,"appLogName":"egg-web.log","coreLogName":"egg-web.log","agentLogName":"egg-agent.log","errorLogName":"common-error.log","coreLogger":{"consoleLevel":"WARN"},"allowDebugAtProd":false,"type":"application"}
2018-06-24 16:21:51,539 INFO 13129 [egg-schedule]: register schedule /luneice/project/NodejsProject/egg/node_modules/egg-logrotator/app/schedule/clean_log.js
2018-06-24 16:21:51,539 INFO 13129 [egg-schedule]: register schedule /luneice/project/NodejsProject/egg/node_modules/egg-logrotator/app/schedule/rotate_by_file.js
2018-06-24 16:21:51,558 INFO 13129 [egg-mysql] connecting root@localhost:3306/luneice
2018-06-24 16:21:51,721 INFO 13129 [egg-static] starting static serve /public/ -> /luneice/project/NodejsProject/egg/app/public
2018-06-24 16:21:51,726 INFO 13129 [egg-security] use csrf middleware
2018-06-24 16:21:51,727 INFO 13129 [egg-security] use methodnoallow middleware
2018-06-24 16:21:51,728 INFO 13129 [egg-security] use noopen middleware
2018-06-24 16:21:51,728 INFO 13129 [egg-security] use nosniff middleware
2018-06-24 16:21:51,729 INFO 13129 [egg-security] use xssProtection middleware
2018-06-24 16:21:51,730 INFO 13129 [egg-security] use xframe middleware
2018-06-24 16:21:51,730 INFO 13129 [egg-security] use dta middleware
2018-06-24 16:21:51,730 INFO 13129 [egg-security] compose 7 middlewares into one security middleware
2018-06-24 16:21:51,748 INFO 13129 [egg:core] dump config after load, 12ms
2018-06-24 16:21:51,778 INFO 13129 [egg-mysql] instance[0] status OK, rds currentTime: Sun Jun 24 2018 16:21:51 GMT+0800 (CST)
2018-06-24 16:21:51,781 INFO 13129 [egg-watcher:app] watcher start success
2018-06-24 16:21:51,794 INFO 13129 [egg:core] dump config after ready, 11ms
2018-06-24 16:26:16,977 INFO 13398 [egg:logger] init all loggers with options: {"dir":"/luneice/project/NodejsProject/egg/logs/egg","encoding":"utf8","env":"local","level":"INFO","consoleLevel":"INFO","disableConsoleAfterReady":false,"outputJSON":false,"buffer":true,"appLogName":"egg-web.log","coreLogName":"egg-web.log","agentLogName":"egg-agent.log","errorLogName":"common-error.log","coreLogger":{"consoleLevel":"WARN"},"allowDebugAtProd":false,"type":"application"}
2018-06-24 16:26:17,071 INFO 13398 [egg-schedule]: register schedule /luneice/project/NodejsProject/egg/node_modules/egg-logrotator/app/schedule/clean_log.js
2018-06-24 16:26:17,071 INFO 13398 [egg-schedule]: register schedule /luneice/project/NodejsProject/egg/node_modules/egg-logrotator/app/schedule/rotate_by_file.js
2018-06-24 16:26:17,093 INFO 13398 [egg-mysql] connecting root@localhost:3306/luneice
2018-06-24 16:26:17,316 INFO 13398 [egg-static] starting static serve /public/ -> /luneice/project/NodejsProject/egg/app/public
2018-06-24 16:26:17,320 INFO 13398 [egg-security] use csrf middleware
2018-06-24 16:26:17,321 INFO 13398 [egg-security] use methodnoallow middleware
2018-06-24 16:26:17,321 INFO 13398 [egg-security] use noopen middleware
2018-06-24 16:26:17,322 INFO 13398 [egg-security] use nosniff middleware
2018-06-24 16:26:17,322 INFO 13398 [egg-security] use xssProtection middleware
2018-06-24 16:26:17,322 INFO 13398 [egg-security] use xframe middleware
2018-06-24 16:26:17,323 INFO 13398 [egg-security] use dta middleware
2018-06-24 16:26:17,323 INFO 13398 [egg-security] compose 7 middlewares into one security middleware
2018-06-24 16:26:17,342 INFO 13398 [egg:core] dump config after load, 13ms
2018-06-24 16:26:17,376 INFO 13398 [egg-watcher:app] watcher start success
2018-06-24 16:26:17,382 INFO 13398 [egg-mysql] instance[0] status OK, rds currentTime: Sun Jun 24 2018 16:26:17 GMT+0800 (CST)
2018-06-24 16:26:17,393 INFO 13398 [egg:core] dump config after ready, 7ms
2018-06-24 16:27:34,712 INFO 13500 [egg:logger] init all loggers with options: {"dir":"/luneice/project/NodejsProject/egg/logs/egg","encoding":"utf8","env":"local","level":"INFO","consoleLevel":"INFO","disableConsoleAfterReady":false,"outputJSON":false,"buffer":true,"appLogName":"egg-web.log","coreLogName":"egg-web.log","agentLogName":"egg-agent.log","errorLogName":"common-error.log","coreLogger":{"consoleLevel":"WARN"},"allowDebugAtProd":false,"type":"application"}
2018-06-24 16:27:34,791 INFO 13500 [egg-schedule]: register schedule /luneice/project/NodejsProject/egg/node_modules/egg-logrotator/app/schedule/clean_log.js
2018-06-24 16:27:34,791 INFO 13500 [egg-schedule]: register schedule /luneice/project/NodejsProject/egg/node_modules/egg-logrotator/app/schedule/rotate_by_file.js
2018-06-24 16:27:34,813 INFO 13500 [egg-mysql] connecting root@localhost:3306/luneice
2018-06-24 16:27:34,973 INFO 13500 [egg-static] starting static serve /public/ -> /luneice/project/NodejsProject/egg/app/public
2018-06-24 16:27:34,976 INFO 13500 [egg-security] use csrf middleware
2018-06-24 16:27:34,977 INFO 13500 [egg-security] use methodnoallow middleware
2018-06-24 16:27:34,977 INFO 13500 [egg-security] use noopen middleware
2018-06-24 16:27:34,978 INFO 13500 [egg-security] use nosniff middleware
2018-06-24 16:27:34,978 INFO 13500 [egg-security] use xssProtection middleware
2018-06-24 16:27:34,979 INFO 13500 [egg-security] use xframe middleware
2018-06-24 16:27:34,979 INFO 13500 [egg-security] use dta middleware
2018-06-24 16:27:34,979 INFO 13500 [egg-security] compose 7 middlewares into one security middleware
2018-06-24 16:27:34,997 INFO 13500 [egg:core] dump config after load, 12ms
2018-06-24 16:27:35,026 INFO 13500 [egg-watcher:app] watcher start success
2018-06-24 16:27:35,029 INFO 13500 [egg-mysql] instance[0] status OK, rds currentTime: Sun Jun 24 2018 16:27:35 GMT+0800 (CST)
2018-06-24 16:27:35,041 INFO 13500 [egg:core] dump config after ready, 10ms
2018-06-24 16:28:16,726 INFO 13534 [egg:logger] init all loggers with options: {"dir":"/luneice/project/NodejsProject/egg/logs/egg","encoding":"utf8","env":"local","level":"INFO","consoleLevel":"INFO","disableConsoleAfterReady":false,"outputJSON":false,"buffer":true,"appLogName":"egg-web.log","coreLogName":"egg-web.log","agentLogName":"egg-agent.log","errorLogName":"common-error.log","coreLogger":{"consoleLevel":"WARN"},"allowDebugAtProd":false,"type":"application"}
2018-06-24 16:28:16,799 INFO 13534 [egg-schedule]: register schedule /luneice/project/NodejsProject/egg/node_modules/egg-logrotator/app/schedule/clean_log.js
2018-06-24 16:28:16,799 INFO 13534 [egg-schedule]: register schedule /luneice/project/NodejsProject/egg/node_modules/egg-logrotator/app/schedule/rotate_by_file.js
2018-06-24 16:28:16,816 INFO 13534 [egg-mysql] connecting root@localhost:3306/luneice
2018-06-24 16:28:16,973 INFO 13534 [egg-static] starting static serve /public/ -> /luneice/project/NodejsProject/egg/app/public
2018-06-24 16:28:16,977 INFO 13534 [egg-security] use csrf middleware
2018-06-24 16:28:16,977 INFO 13534 [egg-security] use methodnoallow middleware
2018-06-24 16:28:16,978 INFO 13534 [egg-security] use noopen middleware
2018-06-24 16:28:16,978 INFO 13534 [egg-security] use nosniff middleware
2018-06-24 16:28:16,978 INFO 13534 [egg-security] use xssProtection middleware
2018-06-24 16:28:16,979 INFO 13534 [egg-security] use xframe middleware
2018-06-24 16:28:16,979 INFO 13534 [egg-security] use dta middleware
2018-06-24 16:28:16,979 INFO 13534 [egg-security] compose 7 middlewares into one security middleware
2018-06-24 16:28:16,995 INFO 13534 [egg:core] dump config after load, 10ms
2018-06-24 16:28:17,022 INFO 13534 [egg-watcher:app] watcher start success
2018-06-24 16:28:17,025 INFO 13534 [egg-mysql] instance[0] status OK, rds currentTime: Sun Jun 24 2018 16:28:17 GMT+0800 (CST)
2018-06-24 16:28:17,037 INFO 13534 [egg:core] dump config after ready, 7ms
2018-06-24 16:28:43,148 INFO 13560 [egg:logger] init all loggers with options: {"dir":"/luneice/project/NodejsProject/egg/logs/egg","encoding":"utf8","env":"local","level":"INFO","consoleLevel":"INFO","disableConsoleAfterReady":false,"outputJSON":false,"buffer":true,"appLogName":"egg-web.log","coreLogName":"egg-web.log","agentLogName":"egg-agent.log","errorLogName":"common-error.log","coreLogger":{"consoleLevel":"WARN"},"allowDebugAtProd":false,"type":"application"}
2018-06-24 16:28:43,218 INFO 13560 [egg-schedule]: register schedule /luneice/project/NodejsProject/egg/node_modules/egg-logrotator/app/schedule/clean_log.js
2018-06-24 16:28:43,218 INFO 13560 [egg-schedule]: register schedule /luneice/project/NodejsProject/egg/node_modules/egg-logrotator/app/schedule/rotate_by_file.js
2018-06-24 16:28:43,236 INFO 13560 [egg-mysql] connecting root@localhost:3306/luneice
2018-06-24 16:28:43,407 INFO 13560 [egg-static] starting static serve /public/ -> /luneice/project/NodejsProject/egg/app/public
2018-06-24 16:28:43,413 INFO 13560 [egg-security] use csrf middleware
2018-06-24 16:28:43,414 INFO 13560 [egg-security] use methodnoallow middleware
2018-06-24 16:28:43,415 INFO 13560 [egg-security] use noopen middleware
2018-06-24 16:28:43,415 INFO 13560 [egg-security] use nosniff middleware
2018-06-24 16:28:43,415 INFO 13560 [egg-security] use xssProtection middleware
2018-06-24 16:28:43,416 INFO 13560 [egg-security] use xframe middleware
2018-06-24 16:28:43,416 INFO 13560 [egg-security] use dta middleware
2018-06-24 16:28:43,416 INFO 13560 [egg-security] compose 7 middlewares into one security middleware
2018-06-24 16:28:43,434 INFO 13560 [egg:core] dump config after load, 12ms
2018-06-24 16:28:43,466 INFO 13560 [egg-watcher:app] watcher start success
2018-06-24 16:28:43,468 INFO 13560 [egg-mysql] instance[0] status OK, rds currentTime: Sun Jun 24 2018 16:28:43 GMT+0800 (CST)
2018-06-24 16:28:43,481 INFO 13560 [egg:core] dump config after ready, 11ms
2018-06-25 08:50:27,793 INFO 5318 [egg:logger] init all loggers with options: {"dir":"/luneice/project/NodejsProject/egg/logs/egg","encoding":"utf8","env":"local","level":"INFO","consoleLevel":"INFO","disableConsoleAfterReady":false,"outputJSON":false,"buffer":true,"appLogName":"egg-web.log","coreLogName":"egg-web.log","agentLogName":"egg-agent.log","errorLogName":"common-error.log","coreLogger":{"consoleLevel":"WARN"},"allowDebugAtProd":false,"type":"application"}
2018-06-25 08:50:27,872 INFO 5318 [egg-schedule]: register schedule /luneice/project/NodejsProject/egg/node_modules/egg-logrotator/app/schedule/clean_log.js
2018-06-25 08:50:27,872 INFO 5318 [egg-schedule]: register schedule /luneice/project/NodejsProject/egg/node_modules/egg-logrotator/app/schedule/rotate_by_file.js
2018-06-25 08:50:27,894 INFO 5318 [egg-mysql] connecting root@localhost:3306/luneice
2018-06-25 08:50:28,088 INFO 5318 [egg-static] starting static serve /public/ -> /luneice/project/NodejsProject/egg/app/public
2018-06-25 08:50:28,092 INFO 5318 [egg-security] use csrf middleware
2018-06-25 08:50:28,093 INFO 5318 [egg-security] use methodnoallow middleware
2018-06-25 08:50:28,094 INFO 5318 [egg-security] use noopen middleware
2018-06-25 08:50:28,095 INFO 5318 [egg-security] use nosniff middleware
2018-06-25 08:50:28,095 INFO 5318 [egg-security] use xssProtection middleware
2018-06-25 08:50:28,096 INFO 5318 [egg-security] use xframe middleware
2018-06-25 08:50:28,097 INFO 5318 [egg-security] use dta middleware
2018-06-25 08:50:28,097 INFO 5318 [egg-security] compose 7 middlewares into one security middleware
2018-06-25 08:50:28,127 INFO 5318 [egg:core] dump config after load, 22ms
2018-06-25 08:50:28,162 INFO 5318 [egg-watcher:app] watcher start success
2018-06-25 08:50:28,165 INFO 5318 [egg-mysql] instance[0] status OK, rds currentTime: Mon Jun 25 2018 08:50:28 GMT+0800 (CST)
2018-06-25 08:50:28,179 INFO 5318 [egg:core] dump config after ready, 9ms
2018-06-25 09:45:31,342 INFO 7248 [egg:logger] init all loggers with options: {"dir":"/luneice/project/NodejsProject/egg/logs/egg","encoding":"utf8","env":"local","level":"INFO","consoleLevel":"INFO","disableConsoleAfterReady":false,"outputJSON":false,"buffer":true,"appLogName":"egg-web.log","coreLogName":"egg-web.log","agentLogName":"egg-agent.log","errorLogName":"common-error.log","coreLogger":{"consoleLevel":"WARN"},"allowDebugAtProd":false,"type":"application"}
2018-06-25 09:45:31,408 INFO 7248 [egg-schedule]: register schedule /luneice/project/NodejsProject/egg/node_modules/egg-logrotator/app/schedule/clean_log.js
2018-06-25 09:45:31,408 INFO 7248 [egg-schedule]: register schedule /luneice/project/NodejsProject/egg/node_modules/egg-logrotator/app/schedule/rotate_by_file.js
2018-06-25 09:45:31,425 INFO 7248 [egg-mysql] connecting root@localhost:3306/luneice
2018-06-25 09:45:31,564 INFO 7248 [egg-static] starting static serve /public/ -> /luneice/project/NodejsProject/egg/app/public
2018-06-25 09:45:31,567 INFO 7248 [egg-security] use csrf middleware
2018-06-25 09:45:31,568 INFO 7248 [egg-security] use methodnoallow middleware
2018-06-25 09:45:31,569 INFO 7248 [egg-security] use noopen middleware
2018-06-25 09:45:31,569 INFO 7248 [egg-security] use nosniff middleware
2018-06-25 09:45:31,569 INFO 7248 [egg-security] use xssProtection middleware
2018-06-25 09:45:31,570 INFO 7248 [egg-security] use xframe middleware
2018-06-25 09:45:31,570 INFO 7248 [egg-security] use dta middleware
2018-06-25 09:45:31,570 INFO 7248 [egg-security] compose 7 middlewares into one security middleware
2018-06-25 09:45:31,586 INFO 7248 [egg:core] dump config after load, 9ms
2018-06-25 09:45:31,614 INFO 7248 [egg-watcher:app] watcher start success
2018-06-25 09:45:31,616 INFO 7248 [egg-mysql] instance[0] status OK, rds currentTime: Mon Jun 25 2018 09:45:31 GMT+0800 (CST)
2018-06-25 09:45:31,625 INFO 7248 [egg:core] dump config after ready, 7ms
2018-06-25 09:45:55,804 INFO 7399 [egg:logger] init all loggers with options: {"dir":"/luneice/project/NodejsProject/egg/logs/egg","encoding":"utf8","env":"local","level":"INFO","consoleLevel":"INFO","disableConsoleAfterReady":false,"outputJSON":false,"buffer":true,"appLogName":"egg-web.log","coreLogName":"egg-web.log","agentLogName":"egg-agent.log","errorLogName":"common-error.log","coreLogger":{"consoleLevel":"WARN"},"allowDebugAtProd":false,"type":"application"}
2018-06-25 09:45:55,868 INFO 7399 [egg-schedule]: register schedule /luneice/project/NodejsProject/egg/node_modules/egg-logrotator/app/schedule/clean_log.js
2018-06-25 09:45:55,868 INFO 7399 [egg-schedule]: register schedule /luneice/project/NodejsProject/egg/node_modules/egg-logrotator/app/schedule/rotate_by_file.js
2018-06-25 09:45:55,885 INFO 7399 [egg-mysql] connecting root@localhost:3306/luneice
2018-06-25 09:45:56,040 INFO 7399 [egg-static] starting static serve /public/ -> /luneice/project/NodejsProject/egg/app/public
2018-06-25 09:45:56,044 INFO 7399 [egg-security] use csrf middleware
2018-06-25 09:45:56,045 INFO 7399 [egg-security] use methodnoallow middleware
2018-06-25 09:45:56,046 INFO 7399 [egg-security] use noopen middleware
2018-06-25 09:45:56,046 INFO 7399 [egg-security] use nosniff middleware
2018-06-25 09:45:56,047 INFO 7399 [egg-security] use xssProtection middleware
2018-06-25 09:45:56,047 INFO 7399 [egg-security] use xframe middleware
2018-06-25 09:45:56,048 INFO 7399 [egg-security] use dta middleware
2018-06-25 09:45:56,048 INFO 7399 [egg-security] compose 7 middlewares into one security middleware
2018-06-25 09:45:56,067 INFO 7399 [egg:core] dump config after load, 11ms
2018-06-25 09:45:56,094 INFO 7399 [egg-watcher:app] watcher start success
2018-06-25 09:45:56,100 INFO 7399 [egg-mysql] instance[0] status OK, rds currentTime: Mon Jun 25 2018 09:45:56 GMT+0800 (CST)
2018-06-25 09:45:56,111 INFO 7399 [egg:core] dump config after ready, 8ms
2018-06-25 09:46:37,338 INFO 7433 [egg:logger] init all loggers with options: {"dir":"/luneice/project/NodejsProject/egg/logs/egg","encoding":"utf8","env":"local","level":"INFO","consoleLevel":"INFO","disableConsoleAfterReady":false,"outputJSON":false,"buffer":true,"appLogName":"egg-web.log","coreLogName":"egg-web.log","agentLogName":"egg-agent.log","errorLogName":"common-error.log","coreLogger":{"consoleLevel":"WARN"},"allowDebugAtProd":false,"type":"application"}
2018-06-25 09:46:37,402 INFO 7433 [egg-schedule]: register schedule /luneice/project/NodejsProject/egg/node_modules/egg-logrotator/app/schedule/clean_log.js
2018-06-25 09:46:37,403 INFO 7433 [egg-schedule]: register schedule /luneice/project/NodejsProject/egg/node_modules/egg-logrotator/app/schedule/rotate_by_file.js
2018-06-25 09:46:37,419 INFO 7433 [egg-mysql] connecting root@localhost:3306/luneice
2018-06-25 09:46:37,577 INFO 7433 [egg-static] starting static serve /public/ -> /luneice/project/NodejsProject/egg/app/public
2018-06-25 09:46:37,580 INFO 7433 [egg-security] use csrf middleware
2018-06-25 09:46:37,581 INFO 7433 [egg-security] use methodnoallow middleware
2018-06-25 09:46:37,582 INFO 7433 [egg-security] use noopen middleware
2018-06-25 09:46:37,582 INFO 7433 [egg-security] use nosniff middleware
2018-06-25 09:46:37,582 INFO 7433 [egg-security] use xssProtection middleware
2018-06-25 09:46:37,583 INFO 7433 [egg-security] use xframe middleware
2018-06-25 09:46:37,583 INFO 7433 [egg-security] use dta middleware
2018-06-25 09:46:37,583 INFO 7433 [egg-security] compose 7 middlewares into one security middleware
2018-06-25 09:46:37,599 INFO 7433 [egg:core] dump config after load, 10ms
2018-06-25 09:46:37,625 INFO 7433 [egg-watcher:app] watcher start success
2018-06-25 09:46:37,628 INFO 7433 [egg-mysql] instance[0] status OK, rds currentTime: Mon Jun 25 2018 09:46:37 GMT+0800 (CST)
2018-06-25 09:46:37,637 INFO 7433 [egg:core] dump config after ready, 7ms
2018-06-25 10:09:16,237 INFO 8099 [egg:logger] init all loggers with options: {"dir":"/luneice/project/NodejsProject/egg/logs/egg","encoding":"utf8","env":"local","level":"INFO","consoleLevel":"INFO","disableConsoleAfterReady":false,"outputJSON":false,"buffer":true,"appLogName":"egg-web.log","coreLogName":"egg-web.log","agentLogName":"egg-agent.log","errorLogName":"common-error.log","coreLogger":{"consoleLevel":"WARN"},"allowDebugAtProd":false,"type":"application"}
2018-06-25 10:09:16,300 INFO 8099 [egg-schedule]: register schedule /luneice/project/NodejsProject/egg/node_modules/egg-logrotator/app/schedule/clean_log.js
2018-06-25 10:09:16,300 INFO 8099 [egg-schedule]: register schedule /luneice/project/NodejsProject/egg/node_modules/egg-logrotator/app/schedule/rotate_by_file.js
2018-06-25 10:09:16,316 INFO 8099 [egg-mysql] connecting root@localhost:3306/luneice
2018-06-25 10:09:16,467 INFO 8099 [egg-static] starting static serve /public/ -> /luneice/project/NodejsProject/egg/app/public
2018-06-25 10:09:16,471 INFO 8099 [egg-security] use csrf middleware
2018-06-25 10:09:16,472 INFO 8099 [egg-security] use methodnoallow middleware
2018-06-25 10:09:16,472 INFO 8099 [egg-security] use noopen middleware
2018-06-25 10:09:16,472 INFO 8099 [egg-security] use nosniff middleware
2018-06-25 10:09:16,473 INFO 8099 [egg-security] use xssProtection middleware
2018-06-25 10:09:16,473 INFO 8099 [egg-security] use xframe middleware
2018-06-25 10:09:16,473 INFO 8099 [egg-security] use dta middleware
2018-06-25 10:09:16,473 INFO 8099 [egg-security] compose 7 middlewares into one security middleware
2018-06-25 10:09:16,490 INFO 8099 [egg:core] dump config after load, 10ms
2018-06-25 10:09:16,516 INFO 8099 [egg-watcher:app] watcher start success
2018-06-25 10:09:16,521 INFO 8099 [egg-mysql] instance[0] status OK, rds currentTime: Mon Jun 25 2018 10:09:16 GMT+0800 (CST)
2018-06-25 10:09:16,531 INFO 8099 [egg:core] dump config after ready, 8ms
2018-06-25 10:09:42,132 INFO 8123 [egg:logger] init all loggers with options: {"dir":"/luneice/project/NodejsProject/egg/logs/egg","encoding":"utf8","env":"local","level":"INFO","consoleLevel":"INFO","disableConsoleAfterReady":false,"outputJSON":false,"buffer":true,"appLogName":"egg-web.log","coreLogName":"egg-web.log","agentLogName":"egg-agent.log","errorLogName":"common-error.log","coreLogger":{"consoleLevel":"WARN"},"allowDebugAtProd":false,"type":"application"}
2018-06-25 10:09:42,196 INFO 8123 [egg-schedule]: register schedule /luneice/project/NodejsProject/egg/node_modules/egg-logrotator/app/schedule/clean_log.js
2018-06-25 10:09:42,196 INFO 8123 [egg-schedule]: register schedule /luneice/project/NodejsProject/egg/node_modules/egg-logrotator/app/schedule/rotate_by_file.js
2018-06-25 10:09:42,212 INFO 8123 [egg-mysql] connecting root@localhost:3306/luneice
2018-06-25 10:09:42,357 INFO 8123 [egg-static] starting static serve /public/ -> /luneice/project/NodejsProject/egg/app/public
2018-06-25 10:09:42,361 INFO 8123 [egg-security] use csrf middleware
2018-06-25 10:09:42,362 INFO 8123 [egg-security] use methodnoallow middleware
2018-06-25 10:09:42,362 INFO 8123 [egg-security] use noopen middleware
2018-06-25 10:09:42,363 INFO 8123 [egg-security] use nosniff middleware
2018-06-25 10:09:42,363 INFO 8123 [egg-security] use xssProtection middleware
2018-06-25 10:09:42,364 INFO 8123 [egg-security] use xframe middleware
2018-06-25 10:09:42,364 INFO 8123 [egg-security] use dta middleware
2018-06-25 10:09:42,364 INFO 8123 [egg-security] compose 7 middlewares into one security middleware
2018-06-25 10:09:42,379 INFO 8123 [egg:core] dump config after load, 9ms
2018-06-25 10:09:42,405 INFO 8123 [egg-watcher:app] watcher start success
2018-06-25 10:09:42,408 INFO 8123 [egg-mysql] instance[0] status OK, rds currentTime: Mon Jun 25 2018 10:09:42 GMT+0800 (CST)
2018-06-25 10:09:42,417 INFO 8123 [egg:core] dump config after ready, 7ms
2018-06-25 11:31:04,326 INFO 4255 [egg:logger] init all loggers with options: {"dir":"/luneice/project/NodejsProject/egg/logs/egg","encoding":"utf8","env":"local","level":"INFO","consoleLevel":"INFO","disableConsoleAfterReady":false,"outputJSON":false,"buffer":true,"appLogName":"egg-web.log","coreLogName":"egg-web.log","agentLogName":"egg-agent.log","errorLogName":"common-error.log","coreLogger":{"consoleLevel":"WARN"},"allowDebugAtProd":false,"type":"application"}
2018-06-25 11:31:04,405 INFO 4255 [egg-schedule]: register schedule /luneice/project/NodejsProject/egg/node_modules/egg-logrotator/app/schedule/clean_log.js
2018-06-25 11:31:04,405 INFO 4255 [egg-schedule]: register schedule /luneice/project/NodejsProject/egg/node_modules/egg-logrotator/app/schedule/rotate_by_file.js
2018-06-25 11:31:04,424 INFO 4255 [egg-mysql] connecting root@localhost:3306/luneice
2018-06-25 11:31:04,632 INFO 4255 [egg-static] starting static serve /public/ -> /luneice/project/NodejsProject/egg/app/public
2018-06-25 11:31:04,637 INFO 4255 [egg-security] use csrf middleware
2018-06-25 11:31:04,639 INFO 4255 [egg-security] use methodnoallow middleware
2018-06-25 11:31:04,640 INFO 4255 [egg-security] use noopen middleware
2018-06-25 11:31:04,641 INFO 4255 [egg-security] use nosniff middleware
2018-06-25 11:31:04,642 INFO 4255 [egg-security] use xssProtection middleware
2018-06-25 11:31:04,642 INFO 4255 [egg-security] use xframe middleware
2018-06-25 11:31:04,643 INFO 4255 [egg-security] use dta middleware
2018-06-25 11:31:04,643 INFO 4255 [egg-security] compose 7 middlewares into one security middleware
2018-06-25 11:31:04,666 INFO 4255 [egg:core] dump config after load, 13ms
2018-06-25 11:31:04,701 INFO 4255 [egg-watcher:app] watcher start success
2018-06-25 11:31:04,704 INFO 4255 [egg-mysql] instance[0] status OK, rds currentTime: Mon Jun 25 2018 11:31:04 GMT+0800 (CST)
2018-06-25 11:31:04,715 INFO 4255 [egg:core] dump config after ready, 8ms
2018-06-26 14:48:23,185 INFO 6806 [egg:logger] init all loggers with options: {"dir":"/luneice/project/NodejsProject/egg/logs/egg","encoding":"utf8","env":"local","level":"INFO","consoleLevel":"INFO","disableConsoleAfterReady":false,"outputJSON":false,"buffer":true,"appLogName":"egg-web.log","coreLogName":"egg-web.log","agentLogName":"egg-agent.log","errorLogName":"common-error.log","coreLogger":{"consoleLevel":"WARN"},"allowDebugAtProd":false,"type":"application"}
2018-06-26 14:48:23,259 INFO 6806 [egg-schedule]: register schedule /luneice/project/NodejsProject/egg/node_modules/egg-logrotator/app/schedule/clean_log.js
2018-06-26 14:48:23,259 INFO 6806 [egg-schedule]: register schedule /luneice/project/NodejsProject/egg/node_modules/egg-logrotator/app/schedule/rotate_by_file.js
2018-06-26 14:48:23,276 INFO 6806 [egg-mysql] connecting root@localhost:3306/luneice
2018-06-26 14:48:23,469 INFO 6806 [egg-static] starting static serve /public/ -> /luneice/project/NodejsProject/egg/app/public
2018-06-26 14:48:23,473 INFO 6806 [egg-security] use csrf middleware
2018-06-26 14:48:23,474 INFO 6806 [egg-security] use methodnoallow middleware
2018-06-26 14:48:23,475 INFO 6806 [egg-security] use noopen middleware
2018-06-26 14:48:23,475 INFO 6806 [egg-security] use nosniff middleware
2018-06-26 14:48:23,477 INFO 6806 [egg-security] use xssProtection middleware
2018-06-26 14:48:23,479 INFO 6806 [egg-security] use xframe middleware
2018-06-26 14:48:23,480 INFO 6806 [egg-security] use dta middleware
2018-06-26 14:48:23,480 INFO 6806 [egg-security] compose 7 middlewares into one security middleware
2018-06-26 14:48:23,500 INFO 6806 [egg:core] dump config after load, 12ms
2018-06-26 14:48:23,526 INFO 6806 [egg-mysql] instance[0] status OK, rds currentTime: Tue Jun 26 2018 14:48:23 GMT+0800 (CST)
2018-06-26 14:48:23,529 INFO 6806 [egg-watcher:app] watcher start success
2018-06-26 14:48:23,539 INFO 6806 [egg:core] dump config after ready, 8ms
2018-06-26 14:57:40,649 INFO 3704 [egg:logger] init all loggers with options: {"dir":"/luneice/project/NodejsProject/egg/logs/egg","encoding":"utf8","env":"local","level":"INFO","consoleLevel":"INFO","disableConsoleAfterReady":false,"outputJSON":false,"buffer":true,"appLogName":"egg-web.log","coreLogName":"egg-web.log","agentLogName":"egg-agent.log","errorLogName":"common-error.log","coreLogger":{"consoleLevel":"WARN"},"allowDebugAtProd":false,"type":"application"}
2018-06-26 14:57:40,733 INFO 3704 [egg-schedule]: register schedule /luneice/project/NodejsProject/egg/node_modules/egg-logrotator/app/schedule/clean_log.js
2018-06-26 14:57:40,733 INFO 3704 [egg-schedule]: register schedule /luneice/project/NodejsProject/egg/node_modules/egg-logrotator/app/schedule/rotate_by_file.js
2018-06-26 14:57:40,754 INFO 3704 [egg-mysql] connecting root@localhost:3306/luneice
2018-06-26 14:57:40,951 INFO 3704 [egg-static] starting static serve /public/ -> /luneice/project/NodejsProject/egg/app/public
2018-06-26 14:57:40,955 INFO 3704 [egg-security] use csrf middleware
2018-06-26 14:57:40,957 INFO 3704 [egg-security] use methodnoallow middleware
2018-06-26 14:57:40,957 INFO 3704 [egg-security] use noopen middleware
2018-06-26 14:57:40,958 INFO 3704 [egg-security] use nosniff middleware
2018-06-26 14:57:40,959 INFO 3704 [egg-security] use xssProtection middleware
2018-06-26 14:57:40,959 INFO 3704 [egg-security] use xframe middleware
2018-06-26 14:57:40,960 INFO 3704 [egg-security] use dta middleware
2018-06-26 14:57:40,960 INFO 3704 [egg-security] compose 7 middlewares into one security middleware
2018-06-26 14:57:40,981 INFO 3704 [egg:core] dump config after load, 13ms
2018-06-26 14:57:41,015 INFO 3704 [egg-watcher:app] watcher start success
2018-06-26 14:57:41,022 INFO 3704 [egg-mysql] instance[0] status OK, rds currentTime: Tue Jun 26 2018 14:57:41 GMT+0800 (CST)
2018-06-26 14:57:41,035 INFO 3704 [egg:core] dump config after ready, 10ms
2018-06-26 15:00:26,006 INFO 4278 [egg:logger] init all loggers with options: {"dir":"/luneice/project/NodejsProject/egg/logs/egg","encoding":"utf8","env":"local","level":"INFO","consoleLevel":"INFO","disableConsoleAfterReady":false,"outputJSON":false,"buffer":true,"appLogName":"egg-web.log","coreLogName":"egg-web.log","agentLogName":"egg-agent.log","errorLogName":"common-error.log","coreLogger":{"consoleLevel":"WARN"},"allowDebugAtProd":false,"type":"application"}
2018-06-26 15:00:26,088 INFO 4278 [egg-schedule]: register schedule /luneice/project/NodejsProject/egg/node_modules/egg-logrotator/app/schedule/clean_log.js
2018-06-26 15:00:26,088 INFO 4278 [egg-schedule]: register schedule /luneice/project/NodejsProject/egg/node_modules/egg-logrotator/app/schedule/rotate_by_file.js
2018-06-26 15:00:26,110 INFO 4278 [egg-mysql] connecting root@localhost:3306/luneice
2018-06-26 15:00:26,285 INFO 4278 [egg-static] starting static serve /public/ -> /luneice/project/NodejsProject/egg/app/public
2018-06-26 15:00:26,288 INFO 4278 [egg-security] use csrf middleware
2018-06-26 15:00:26,289 INFO 4278 [egg-security] use methodnoallow middleware
2018-06-26 15:00:26,290 INFO 4278 [egg-security] use noopen middleware
2018-06-26 15:00:26,290 INFO 4278 [egg-security] use nosniff middleware
2018-06-26 15:00:26,290 INFO 4278 [egg-security] use xssProtection middleware
2018-06-26 15:00:26,291 INFO 4278 [egg-security] use xframe middleware
2018-06-26 15:00:26,291 INFO 4278 [egg-security] use dta middleware
2018-06-26 15:00:26,291 INFO 4278 [egg-security] compose 7 middlewares into one security middleware
2018-06-26 15:00:26,307 INFO 4278 [egg:core] dump config after load, 9ms
2018-06-26 15:00:26,334 INFO 4278 [egg-watcher:app] watcher start success
2018-06-26 15:00:26,338 INFO 4278 [egg-mysql] instance[0] status OK, rds currentTime: Tue Jun 26 2018 15:00:26 GMT+0800 (CST)
2018-06-26 15:00:26,350 INFO 4278 [egg:core] dump config after ready, 10ms
2018-06-26 15:06:40,615 INFO 3526 [egg:logger] init all loggers with options: {"dir":"/luneice/project/NodejsProject/egg/logs/egg","encoding":"utf8","env":"local","level":"INFO","consoleLevel":"INFO","disableConsoleAfterReady":false,"outputJSON":false,"buffer":true,"appLogName":"egg-web.log","coreLogName":"egg-web.log","agentLogName":"egg-agent.log","errorLogName":"common-error.log","coreLogger":{"consoleLevel":"WARN"},"allowDebugAtProd":false,"type":"application"}
2018-06-26 15:06:40,731 INFO 3526 [egg-schedule]: register schedule /luneice/project/NodejsProject/egg/node_modules/egg-logrotator/app/schedule/clean_log.js
2018-06-26 15:06:40,731 INFO 3526 [egg-schedule]: register schedule /luneice/project/NodejsProject/egg/node_modules/egg-logrotator/app/schedule/rotate_by_file.js
2018-06-26 15:06:40,761 INFO 3526 [egg-mysql] connecting root@localhost:3306/luneice
2018-06-26 15:06:41,316 INFO 3526 [egg-static] starting static serve /public/ -> /luneice/project/NodejsProject/egg/app/public
2018-06-26 15:06:41,328 INFO 3526 [egg-security] use csrf middleware
2018-06-26 15:06:41,329 INFO 3526 [egg-security] use methodnoallow middleware
2018-06-26 15:06:41,330 INFO 3526 [egg-security] use noopen middleware
2018-06-26 15:06:41,332 INFO 3526 [egg-security] use nosniff middleware
2018-06-26 15:06:41,339 INFO 3526 [egg-security] use xssProtection middleware
2018-06-26 15:06:41,339 INFO 3526 [egg-security] use xframe middleware
2018-06-26 15:06:41,340 INFO 3526 [egg-security] use dta middleware
2018-06-26 15:06:41,340 INFO 3526 [egg-security] compose 7 middlewares into one security middleware
2018-06-26 15:06:41,407 INFO 3526 [egg:core] dump config after load, 27ms
2018-06-26 15:06:41,461 INFO 3526 [egg-watcher:app] watcher start success
2018-06-26 15:06:41,471 INFO 3526 [egg-mysql] instance[0] status OK, rds currentTime: Tue Jun 26 2018 15:06:41 GMT+0800 (CST)
2018-06-26 15:06:41,489 INFO 3526 [egg:core] dump config after ready, 12ms
